22-10-2020 09:42: Try to login
22-10-2020 09:48: Try to login
22-10-2020 09:50: Try to login
22-10-2020 09:50: Login Success
22-10-2020 09:59: Try to login
22-10-2020 10:00: Login Success
22-10-2020 10:03: Try to login
22-10-2020 10:04: Login Success
22-10-2020 10:06: Search by Keyword :청소신
22-10-2020 10:09: Try to find sponsor element: not found
22-10-2020 10:09: try to swipe
22-10-2020 10:12: Try to find sponsor element: not found
22-10-2020 10:12: try to swipe
22-10-2020 10:14: Try to login
22-10-2020 10:15: Login Success
22-10-2020 10:16: Get Current url: https://vt.tiktok.com/ZSQL1GWR/
22-10-2020 10:16: Search by Keyword :청소신
22-10-2020 10:17: Get Current url: https://vt.tiktok.com/ZSQLdrkL/
22-10-2020 10:17: Try to find sponsor element: not found
22-10-2020 10:17: try to swipe
22-10-2020 10:18: Get Current url: https://vt.tiktok.com/ZSQ8nRRb/
22-10-2020 10:18: Try to find sponsor element: not found
22-10-2020 10:18: try to swipe
22-10-2020 10:19: Get Current url: https://vt.tiktok.com/ZSQL23NS/
22-10-2020 10:19: Try to find sponsor element: not found
22-10-2020 10:19: try to swipe
22-10-2020 10:20: Get Current url: https://vt.tiktok.com/ZSQLu84u/
22-10-2020 10:20: Try to find sponsor element: not found
22-10-2020 10:20: try to swipe
22-10-2020 10:21: Search by Keyword :깔끔대장
22-10-2020 10:22: Get Current url: https://vt.tiktok.com/ZSQLUuxT/
22-10-2020 10:22: Try to find sponsor element: not found
22-10-2020 10:22: try to swipe
22-10-2020 10:23: Get Current url: https://vt.tiktok.com/ZSQLjCCU/
22-10-2020 10:30: Try to login
22-10-2020 10:30: Login Success
22-10-2020 10:43: Try to login
22-10-2020 10:43: Login Success
22-10-2020 10:44: Search by Keyword :청소신
22-10-2020 11:03: Try to login
22-10-2020 11:03: Login Success
22-10-2020 11:04: Search by Keyword :청소신
22-10-2020 11:08: Try to login
22-10-2020 11:08: Login Success
22-10-2020 11:09: Search by Keyword :청소신
22-10-2020 12:57: Try to login
22-10-2020 12:57: Login Success
22-10-2020 12:58: Search by Keyword :청소신
22-10-2020 12:59: Get Current url: https://vt.tiktok.com/ZSQLHa3C/
22-10-2020 13:02: Try to find sponsor element: not found
22-10-2020 13:04: Try to login
22-10-2020 13:04: Login Success
22-10-2020 13:05: Search by Keyword :청소신
22-10-2020 13:06: Get Current url: https://vt.tiktok.com/ZSQLtDeS/
22-10-2020 13:06: Try to find sponsor element: not found
22-10-2020 13:06: Watching : 63.9335777759552s
22-10-2020 13:06: Try to swipe
22-10-2020 13:07: Get Current url: https://vt.tiktok.com/ZSQLV8jA/
22-10-2020 13:07: Try to find sponsor element: not found
22-10-2020 13:07: Watching : 33.50781440734863s
22-10-2020 13:07: Try to swipe
