26-10-2020 12:34: Try to login
26-10-2020 12:35: Login Success
26-10-2020 12:35: Search by Keyword :청소신
26-10-2020 12:36: Watching : 34s
26-10-2020 12:36: Try to swipe
26-10-2020 12:36: Watching : 32s
26-10-2020 12:36: Try to swipe
26-10-2020 12:37: Watching : 32s
26-10-2020 12:37: Try to swipe
26-10-2020 12:38: Watching : 32s
26-10-2020 12:38: Try to swipe
26-10-2020 12:38: Search by Keyword :깔끔대장
26-10-2020 12:39: Watching : 33s
26-10-2020 12:39: Try to swipe
26-10-2020 12:39: Watching : 32s
26-10-2020 12:39: Try to swipe
26-10-2020 12:40: Watching : 32s
26-10-2020 12:40: Try to swipe
26-10-2020 12:40: Watching : 32s
26-10-2020 12:40: Try to swipe
26-10-2020 12:41: Search by Keyword :denps
26-10-2020 12:42: Watching : 26s
26-10-2020 12:42: Try to swipe
